


ARM Macro Assembler    Page 1 


    1 00000000         ;******************** (C) COPYRIGHT 2013 STMicroelectron
                       ics ********************
    2 00000000         ;* File Name          : startup_stm32f40_41xxx.s
    3 00000000         ;* Author             : MCD Application Team
    4 00000000         ;* Version            : V1.3.0
    5 00000000         ;* Date               : 08-November-2013
    6 00000000         ;* Description        : STM32F40xxx/41xxx devices vector
                        table for MDK-ARM toolchain. 
    7 00000000         ;*                      This module performs:
    8 00000000         ;*                      - Set the initial SP
    9 00000000         ;*                      - Set the initial PC == Reset_Ha
                       ndler
   10 00000000         ;*                      - Set the vector table entries w
                       ith the exceptions ISR address
   11 00000000         ;*                      - Configure the system clock and
                        the external SRAM mounted on 
   12 00000000         ;*                        STM324xG-EVAL board to be used
                        as data memory (optional, 
   13 00000000         ;*                        to be enabled by user)
   14 00000000         ;*                      - Branches to __main in the C li
                       brary (which eventually
   15 00000000         ;*                        calls main()).
   16 00000000         ;*                      After Reset the CortexM4 process
                       or is in Thread mode,
   17 00000000         ;*                      priority is Privileged, and the 
                       Stack is set to Main.
   18 00000000         ;* <<< Use Configuration Wizard in Context Menu >>>   
   19 00000000         ;*******************************************************
                       ************************
   20 00000000         ; 
   21 00000000         ; Licensed under MCD-ST Liberty SW License Agreement V2,
                        (the "License");
   22 00000000         ; You may not use this file except in compliance with th
                       e License.
   23 00000000         ; You may obtain a copy of the License at:
   24 00000000         ; 
   25 00000000         ;        http://www.st.com/software_license_agreement_li
                       berty_v2
   26 00000000         ; 
   27 00000000         ; Unless required by applicable law or agreed to in writ
                       ing, software 
   28 00000000         ; distributed under the License is distributed on an "AS
                        IS" BASIS, 
   29 00000000         ; WITHOUT WARRANTIES OR CONDITIONS OF ANY KIND, either e
                       xpress or implied.
   30 00000000         ; See the License for the specific language governing pe
                       rmissions and
   31 00000000         ; limitations under the License.
   32 00000000         ; 
   33 00000000         ;*******************************************************
                       ************************
   34 00000000         
   35 00000000         ; Amount of memory (in bytes) allocated for Stack
   36 00000000         ; Tailor this value to your application needs
   37 00000000         ; <h> Stack Configuration
   38 00000000         ;   <o> Stack Size (in Bytes) <0x0-0xFFFFFFFF:8>
   39 00000000         ; </h>
   40 00000000         
   41 00000000 00000400 



ARM Macro Assembler    Page 2 


                       Stack_Size
                               EQU              0x00000400
   42 00000000         
   43 00000000                 AREA             STACK, NOINIT, READWRITE, ALIGN
=3
   44 00000000         Stack_Mem
                               SPACE            Stack_Size
   45 00000400         __initial_sp
   46 00000400         
   47 00000400         
   48 00000400         ; <h> Heap Configuration
   49 00000400         ;   <o>  Heap Size (in Bytes) <0x0-0xFFFFFFFF:8>
   50 00000400         ; </h>
   51 00000400         
   52 00000400 00000200 
                       Heap_Size
                               EQU              0x00000200
   53 00000400         
   54 00000400                 AREA             HEAP, NOINIT, READWRITE, ALIGN=
3
   55 00000000         __heap_base
   56 00000000         Heap_Mem
                               SPACE            Heap_Size
   57 00000200         __heap_limit
   58 00000200         
   59 00000200                 PRESERVE8
   60 00000200                 THUMB
   61 00000200         
   62 00000200         
   63 00000200         ; Vector Table Mapped to Address 0 at Reset
   64 00000200                 AREA             RESET, DATA, READONLY
   65 00000000                 EXPORT           __Vectors
   66 00000000                 EXPORT           __Vectors_End
   67 00000000                 EXPORT           __Vectors_Size
   68 00000000         
   69 00000000 00000000 
                       __Vectors
                               DCD              __initial_sp ; Top of Stack
   70 00000004 00000000        DCD              Reset_Handler ; Reset Handler
   71 00000008 00000000        DCD              NMI_Handler ; NMI Handler
   72 0000000C 00000000        DCD              HardFault_Handler ; Hard Fault 
                                                            Handler
   73 00000010 00000000        DCD              MemManage_Handler 
                                                            ; MPU Fault Handler
                                                            
   74 00000014 00000000        DCD              BusFault_Handler 
                                                            ; Bus Fault Handler
                                                            
   75 00000018 00000000        DCD              UsageFault_Handler ; Usage Faul
                                                            t Handler
   76 0000001C 00000000        DCD              0           ; Reserved
   77 00000020 00000000        DCD              0           ; Reserved
   78 00000024 00000000        DCD              0           ; Reserved
   79 00000028 00000000        DCD              0           ; Reserved
   80 0000002C 00000000        DCD              SVC_Handler ; SVCall Handler
   81 00000030 00000000        DCD              DebugMon_Handler ; Debug Monito
                                                            r Handler
   82 00000034 00000000        DCD              0           ; Reserved
   83 00000038 00000000        DCD              PendSV_Handler ; PendSV Handler



ARM Macro Assembler    Page 3 


                                                            
   84 0000003C 00000000        DCD              SysTick_Handler 
                                                            ; SysTick Handler
   85 00000040         
   86 00000040         ; External Interrupts
   87 00000040 00000000        DCD              WWDG_IRQHandler ; Window WatchD
                                                            og                 
                                                                               
                                                                
   88 00000044 00000000        DCD              PVD_IRQHandler ; PVD through EX
                                                            TI Line detection  
                                                                               
                                                               
   89 00000048 00000000        DCD              TAMP_STAMP_IRQHandler ; Tamper 
                                                            and TimeStamps thro
                                                            ugh the EXTI line  
                                                                      
   90 0000004C 00000000        DCD              RTC_WKUP_IRQHandler ; RTC Wakeu
                                                            p through the EXTI 
                                                            line               
                                                                    
   91 00000050 00000000        DCD              FLASH_IRQHandler ; FLASH       
                                                                               
                                                                             
   92 00000054 00000000        DCD              RCC_IRQHandler ; RCC           
                                                                               
                                                                           
   93 00000058 00000000        DCD              EXTI0_IRQHandler ; EXTI Line0  
                                                                               
                                                                               
                                                                 
   94 0000005C 00000000        DCD              EXTI1_IRQHandler ; EXTI Line1  
                                                                               
                                                                               
                                                                 
   95 00000060 00000000        DCD              EXTI2_IRQHandler ; EXTI Line2  
                                                                               
                                                                               
                                                                 
   96 00000064 00000000        DCD              EXTI3_IRQHandler ; EXTI Line3  
                                                                               
                                                                               
                                                                 
   97 00000068 00000000        DCD              EXTI4_IRQHandler ; EXTI Line4  
                                                                               
                                                                               
                                                                 
   98 0000006C 00000000        DCD              DMA1_Stream0_IRQHandler ; DMA1 
                                                            Stream 0           
                                                                               
                                                                 
   99 00000070 00000000        DCD              DMA1_Stream1_IRQHandler ; DMA1 
                                                            Stream 1           
                                                                               
                                                                 
  100 00000074 00000000        DCD              DMA1_Stream2_IRQHandler ; DMA1 
                                                            Stream 2           
                                                                               
                                                                 



ARM Macro Assembler    Page 4 


  101 00000078 00000000        DCD              DMA1_Stream3_IRQHandler ; DMA1 
                                                            Stream 3           
                                                                               
                                                                 
  102 0000007C 00000000        DCD              DMA1_Stream4_IRQHandler ; DMA1 
                                                            Stream 4           
                                                                               
                                                                 
  103 00000080 00000000        DCD              DMA1_Stream5_IRQHandler ; DMA1 
                                                            Stream 5           
                                                                               
                                                                 
  104 00000084 00000000        DCD              DMA1_Stream6_IRQHandler ; DMA1 
                                                            Stream 6           
                                                                               
                                                                 
  105 00000088 00000000        DCD              ADC_IRQHandler ; ADC1, ADC2 and
                                                             ADC3s             
                                                                           
  106 0000008C 00000000        DCD              CAN1_TX_IRQHandler ; CAN1 TX   
                                                                               
                                                                               
                                                                   
  107 00000090 00000000        DCD              CAN1_RX0_IRQHandler ; CAN1 RX0 
                                                                               
                                                                               
                                                                    
  108 00000094 00000000        DCD              CAN1_RX1_IRQHandler ; CAN1 RX1 
                                                                               
                                                                               
                                                                    
  109 00000098 00000000        DCD              CAN1_SCE_IRQHandler ; CAN1 SCE 
                                                                               
                                                                               
                                                                    
  110 0000009C 00000000        DCD              EXTI9_5_IRQHandler ; External L
                                                            ine[9:5]s          
                                                                               
                                                                   
  111 000000A0 00000000        DCD              TIM1_BRK_TIM9_IRQHandler ; TIM1
                                                             Break and TIM9    
                                                                           
  112 000000A4 00000000        DCD              TIM1_UP_TIM10_IRQHandler ; TIM1
                                                             Update and TIM10  
                                                                           
  113 000000A8 00000000        DCD              TIM1_TRG_COM_TIM11_IRQHandler ;
                                                             TIM1 Trigger and C
                                                            ommutation and TIM1
                                                            1
  114 000000AC 00000000        DCD              TIM1_CC_IRQHandler ; TIM1 Captu
                                                            re Compare         
                                                                               
                                                                   
  115 000000B0 00000000        DCD              TIM2_IRQHandler ; TIM2         
                                                                               
                                                                            
  116 000000B4 00000000        DCD              TIM3_IRQHandler ; TIM3         
                                                                               
                                                                            



ARM Macro Assembler    Page 5 


  117 000000B8 00000000        DCD              TIM4_IRQHandler ; TIM4         
                                                                               
                                                                            
  118 000000BC 00000000        DCD              I2C1_EV_IRQHandler ; I2C1 Event
                                                                               
                                                                               
                                                                   
  119 000000C0 00000000        DCD              I2C1_ER_IRQHandler ; I2C1 Error
                                                                               
                                                                               
                                                                   
  120 000000C4 00000000        DCD              I2C2_EV_IRQHandler ; I2C2 Event
                                                                               
                                                                               
                                                                   
  121 000000C8 00000000        DCD              I2C2_ER_IRQHandler ; I2C2 Error
                                                                               
                                                                               
                                                                     
  122 000000CC 00000000        DCD              SPI1_IRQHandler ; SPI1         
                                                                               
                                                                            
  123 000000D0 00000000        DCD              SPI2_IRQHandler ; SPI2         
                                                                               
                                                                            
  124 000000D4 00000000        DCD              USART1_IRQHandler ; USART1     
                                                                               
                                                                              
  125 000000D8 00000000        DCD              USART2_IRQHandler ; USART2     
                                                                               
                                                                              
  126 000000DC 00000000        DCD              USART3_IRQHandler ; USART3     
                                                                               
                                                                              
  127 000000E0 00000000        DCD              EXTI15_10_IRQHandler ; External
                                                             Line[15:10]s      
                                                                               
                                                                     
  128 000000E4 00000000        DCD              RTC_Alarm_IRQHandler ; RTC Alar
                                                            m (A and B) through
                                                             EXTI Line         
                                                                     
  129 000000E8 00000000        DCD              OTG_FS_WKUP_IRQHandler ; USB OT
                                                            G FS Wakeup through
                                                             EXTI line         
                                                                           
  130 000000EC 00000000        DCD              TIM8_BRK_TIM12_IRQHandler ; TIM
                                                            8 Break and TIM12  
                                                                            
  131 000000F0 00000000        DCD              TIM8_UP_TIM13_IRQHandler ; TIM8
                                                             Update and TIM13  
                                                                           
  132 000000F4 00000000        DCD              TIM8_TRG_COM_TIM14_IRQHandler ;
                                                             TIM8 Trigger and C
                                                            ommutation and TIM1
                                                            4
  133 000000F8 00000000        DCD              TIM8_CC_IRQHandler ; TIM8 Captu
                                                            re Compare         
                                                                               



ARM Macro Assembler    Page 6 


                                                                   
  134 000000FC 00000000        DCD              DMA1_Stream7_IRQHandler ; DMA1 
                                                            Stream7            
                                                                               
                                                                        
  135 00000100 00000000        DCD              FSMC_IRQHandler ; FSMC         
                                                                               
                                                                            
  136 00000104 00000000        DCD              SDIO_IRQHandler ; SDIO         
                                                                               
                                                                            
  137 00000108 00000000        DCD              TIM5_IRQHandler ; TIM5         
                                                                               
                                                                            
  138 0000010C 00000000        DCD              SPI3_IRQHandler ; SPI3         
                                                                               
                                                                            
  139 00000110 00000000        DCD              UART4_IRQHandler ; UART4       
                                                                               
                                                                             
  140 00000114 00000000        DCD              UART5_IRQHandler ; UART5       
                                                                               
                                                                             
  141 00000118 00000000        DCD              TIM6_DAC_IRQHandler ; TIM6 and 
                                                            DAC1&2 underrun err
                                                            ors                
                                                               
  142 0000011C 00000000        DCD              TIM7_IRQHandler ; TIM7         
                                                                      
  143 00000120 00000000        DCD              DMA2_Stream0_IRQHandler ; DMA2 
                                                            Stream 0           
                                                                               
                                                                 
  144 00000124 00000000        DCD              DMA2_Stream1_IRQHandler ; DMA2 
                                                            Stream 1           
                                                                               
                                                                 
  145 00000128 00000000        DCD              DMA2_Stream2_IRQHandler ; DMA2 
                                                            Stream 2           
                                                                               
                                                                 
  146 0000012C 00000000        DCD              DMA2_Stream3_IRQHandler ; DMA2 
                                                            Stream 3           
                                                                               
                                                                 
  147 00000130 00000000        DCD              DMA2_Stream4_IRQHandler ; DMA2 
                                                            Stream 4           
                                                                               
                                                                 
  148 00000134 00000000        DCD              ETH_IRQHandler ; Ethernet      
                                                                               
                                                                           
  149 00000138 00000000        DCD              ETH_WKUP_IRQHandler ; Ethernet 
                                                            Wakeup through EXTI
                                                             line              
                                                                    
  150 0000013C 00000000        DCD              CAN2_TX_IRQHandler ; CAN2 TX   
                                                                               
                                                                               



ARM Macro Assembler    Page 7 


                                                                   
  151 00000140 00000000        DCD              CAN2_RX0_IRQHandler ; CAN2 RX0 
                                                                               
                                                                               
                                                                    
  152 00000144 00000000        DCD              CAN2_RX1_IRQHandler ; CAN2 RX1 
                                                                               
                                                                               
                                                                    
  153 00000148 00000000        DCD              CAN2_SCE_IRQHandler ; CAN2 SCE 
                                                                               
                                                                               
                                                                    
  154 0000014C 00000000        DCD              OTG_FS_IRQHandler ; USB OTG FS 
                                                                               
                                                                              
  155 00000150 00000000        DCD              DMA2_Stream5_IRQHandler ; DMA2 
                                                            Stream 5           
                                                                               
                                                                 
  156 00000154 00000000        DCD              DMA2_Stream6_IRQHandler ; DMA2 
                                                            Stream 6           
                                                                               
                                                                 
  157 00000158 00000000        DCD              DMA2_Stream7_IRQHandler ; DMA2 
                                                            Stream 7           
                                                                               
                                                                 
  158 0000015C 00000000        DCD              USART6_IRQHandler ; USART6     
                                                                               
                                                                               
                                                            
  159 00000160 00000000        DCD              I2C3_EV_IRQHandler ; I2C3 event
                                                                               
                                                                               
                                                                   
  160 00000164 00000000        DCD              I2C3_ER_IRQHandler ; I2C3 error
                                                                               
                                                                               
                                                                   
  161 00000168 00000000        DCD              OTG_HS_EP1_OUT_IRQHandler ; USB
                                                             OTG HS End Point 1
                                                             Out               
                                                                   
  162 0000016C 00000000        DCD              OTG_HS_EP1_IN_IRQHandler ; USB 
                                                            OTG HS End Point 1 
                                                            In                 
                                                                  
  163 00000170 00000000        DCD              OTG_HS_WKUP_IRQHandler ; USB OT
                                                            G HS Wakeup through
                                                             EXTI              
                                                                       
  164 00000174 00000000        DCD              OTG_HS_IRQHandler ; USB OTG HS 
                                                                               
                                                                              
  165 00000178 00000000        DCD              DCMI_IRQHandler ; DCMI         
                                                                               
                                                                            
  166 0000017C 00000000        DCD              CRYP_IRQHandler ; CRYP crypto  



ARM Macro Assembler    Page 8 


                                                                               
                                                                            
  167 00000180 00000000        DCD              HASH_RNG_IRQHandler 
                                                            ; Hash and Rng
  168 00000184 00000000        DCD              FPU_IRQHandler ; FPU
  169 00000188         
  170 00000188         __Vectors_End
  171 00000188         
  172 00000188 00000188 
                       __Vectors_Size
                               EQU              __Vectors_End - __Vectors
  173 00000188         
  174 00000188                 AREA             |.text|, CODE, READONLY
  175 00000000         
  176 00000000         ;____________ Interrupt Handler __________________
  177 00000000         TIM2_IRQHandler
                               PROC
  178 00000000         
  179 00000000 F04F 4180       LDR              R1,= 0x40000000
  180 00000004 690A            LDR              R2,[R1,#0x10]
  181 00000006 482B            LDR              R0,= ~0x00000001
  182 00000008         ;LDR R0,= ~0x00002000 ??? ??? ???? ??????
  183 00000008 4002            ANDS             R2, R0
  184 0000000A 610A            STR              R2, [R1,#0x10]
  185 0000000C         
  186 0000000C         ;TOGGLE DIOD
  187 0000000C 492A            LDR              R1,= 0x40020C00
  188 0000000E 694A            LDR              R2,[R1,#0x14]
  189 00000010 F44F 5000       LDR              R0,= 0x00002000
  190 00000014 4042            EORS             R2,R0
  191 00000016 614A            STR              R2,[R1,#0x14]
  192 00000018         
  193 00000018 4770            BX               LR
  194 0000001A                 ENDP
  195 0000001A         
  196 0000001A         
  197 0000001A         ; Reset handler
  198 0000001A         Reset_Handler
                               PROC
  199 0000001A                 EXPORT           Reset_Handler             [WEAK
]
  200 0000001A                 ENTRY
  201 0000001A         
  202 0000001A         
  203 0000001A         ;;____________ WORK WITH TIM2 __________________
  204 0000001A         ;timer_setup
  205 0000001A         
  206 0000001A 4928            LDR              R1,= 0x40023800
  207 0000001C 6C0A            LDR              R2,[R1,#0x40]
  208 0000001E F04F 0001       LDR              R0,= 0x00000001
  209 00000022 4302            ORRS             R2,R0
  210 00000024 640A            STR              R2,[R1,#0x40]
  211 00000026         
  212 00000026         ;set a base address of TIM2 module(from Memory Map)
  213 00000026 F04F 4180       LDR              R1,= 0x40000000
  214 0000002A         
  215 0000002A         ;reset timer counter 
  216 0000002A F04F 0200       LDR              R2,= 0x00000000
  217 0000002E 624A            STR              R2,[R1,#0x24]



ARM Macro Assembler    Page 9 


  218 00000030         
  219 00000030         ;set auto reload register
  220 00000030 F44F 5240       LDR              R2,=0x3000
  221 00000034 62CA            STR              R2, [R1,#0x2C]
  222 00000036         
  223 00000036         ;set prescaler 
  224 00000036         
  225 00000036 F44F 7240       LDR              R2,=0x300
  226 0000003A 628A            STR              R2,[R1,#0x28]
  227 0000003C         
  228 0000003C         ;eneable timer
  229 0000003C         
  230 0000003C 680A            LDR              R2,[R1,#0x00]
  231 0000003E F04F 0001       LDR              R0,= 0x00000001
  232 00000042 4302            ORRS             R2,R0
  233 00000044 600A            STR              R2,[R1,#0x00]
  234 00000046         
  235 00000046         ;;enable update interrupt
  236 00000046 68CA            LDR              R2, [R1,#0x0C]
  237 00000048 F04F 0001       LDR              R0,= 0x00000001
  238 0000004C 4302            ORRS             R2, R0
  239 0000004E 60CA            STR              R2, [R1,#0x0C]
  240 00000050         
  241 00000050         ;;ENABLE INTERRUPT HANDLING IN PROCESSOR
  242 00000050 491B            LDR              R1,= 0xE000E100
  243 00000052 680A            LDR              R2, [R1,#0x00]
  244 00000054 F04F 5080       LDR              R0,= 0x10000000
  245 00000058 4302            ORRS             R2,R0
  246 0000005A 600A            STR              R2, [R1,#0x00]
  247 0000005C         
  248 0000005C         
  249 0000005C         
  250 0000005C         
  251 0000005C         ;____________ WORK WITH LED __________________ 
  252 0000005C         ledblink_setup
  253 0000005C         ;enable clocking for Port D (RCC_AHB1ENR)
  254 0000005C 4917            LDR              R1,= 0x40023800 ;set a base add
                                                            ress of RCC module 
                                                            (from Memory Map)
  255 0000005E 6B0A            LDR              R2,[R1,#0x30] ;read register [0
                                                            x40023830] in R2
  256 00000060 F04F 0008       LDR              R0,= 0x00000008 ;value for modi
                                                            fying (see BitByte.
                                                            exe - set bit 3)
  257 00000064         ;?????? ???? - ??? ????????? ???????????? ????? D
  258 00000064 4302            ORRS             R2,R0       ;modify R2 ????????
                                                             ??????????? ???
  259 00000066 630A            STR              R2, [R1,#0x30] ;store R2 in reg
                                                            ister [0x40023830] 
                                                               
  260 00000068         
  261 00000068         ;setup direction for PD12 (GPIOx_MODER)
  262 00000068 4913            LDR              R1,= 0x40020C00 ;set a base add
                                                            ress of GPIOD modul
                                                            e (from Memory Map)
                                                            
  263 0000006A 680A            LDR              R2, [R1,#0x00] ;read register [
                                                            0x40020C00] in R2
  264 0000006C F04F 60A0       LDR              R0,= 0x05000000 ;value for modi



ARM Macro Assembler    Page 10 


                                                            fying
  265 00000070         ;(set 01 for MODER12 (bits 24-25) and for MODER13 (bits 
                       26-27)) 
  266 00000070 4302            ORRS             R2,R0       ;modify R2
  267 00000072 600A            STR              R2, [R1,#0x00] ;store R2 in reg
                                                            ister [0x40020C00]
  268 00000074         
  269 00000074         ;check configuration for PD12 (GPIOx_ODR)
  270 00000074         ;LDR R1,= 0x40020C00  ;base address was set in previous 
                       step
  271 00000074         
  272 00000074 694A            LDR              R2,[R1,#0x14] ;read register [0
                                                            x40020C14] in R2
  273 00000076 F44F 5080       LDR              R0,= 0x00001000 ;value for modi
                                                            fying (set 1 for OD
                                                            R12 (bit 12)) 
  274 0000007A 4302            ORRS             R2,R0       ;modify R2
  275 0000007C 614A            STR              R2, [R1,#0x14] ;store R2 in reg
                                                            ister [0x40020C14] 
                                                            
  276 0000007E         
  277 0000007E         blink_loopstart
  278 0000007E         ;toggle diod 
  279 0000007E         ;LDR R1,= 0x40020C00  ;base address was set in previous 
                       step
  280 0000007E B672            CPSID            I
  281 00000080 694A            LDR              R2,[R1,#0x14] ;read register [0
                                                            x40020C14] in R2
  282 00000082 F44F 5080       LDR              R0,= 0x00001000 ;value for modi
                                                            fying (set 1 for OD
                                                            R12 (bit 12)) 
  283 00000086 4042            EORS             R2,R0       ;modify R2
  284 00000088         
  285 00000088 4B0E            LDR              R3,= 600000
  286 0000008A         wait
  287 0000008A 3B01            SUBS             R3, #1
  288 0000008C 2B00            CMP              R3,#0
  289 0000008E D1FC            BNE              wait
  290 00000090 614A            STR              R2, [R1,#0x14] ;store R2 in reg
                                                            ister [0x40020C14] 
                                                            
  291 00000092 B662            CPSIE            I
  292 00000094         
  293 00000094         blink_waitsetup
  294 00000094 4B0C            LDR              R3,= 2000000
  295 00000096         blink_waiting
  296 00000096 3B01            SUBS             R3,#1
  297 00000098 2B00            CMP              R3,#0
  298 0000009A D1FC            BNE              blink_waiting
  299 0000009C         
  300 0000009C         blink_loopend
  301 0000009C E7EF            B                blink_loopstart
  302 0000009E                 ENDP
  303 0000009E         
  304 0000009E         ; Dummy Exception Handlers (infinite loops which can be 
                       modified)
  305 0000009E         
  306 0000009E         NMI_Handler
                               PROC



ARM Macro Assembler    Page 11 


  307 0000009E                 EXPORT           NMI_Handler                [WEA
K]
  308 0000009E E7FE            B                .
  309 000000A0                 ENDP
  311 000000A0         HardFault_Handler
                               PROC
  312 000000A0                 EXPORT           HardFault_Handler          [WEA
K]
  313 000000A0 E7FE            B                .
  314 000000A2                 ENDP
  316 000000A2         MemManage_Handler
                               PROC
  317 000000A2                 EXPORT           MemManage_Handler          [WEA
K]
  318 000000A2 E7FE            B                .
  319 000000A4                 ENDP
  321 000000A4         BusFault_Handler
                               PROC
  322 000000A4                 EXPORT           BusFault_Handler           [WEA
K]
  323 000000A4 E7FE            B                .
  324 000000A6                 ENDP
  326 000000A6         UsageFault_Handler
                               PROC
  327 000000A6                 EXPORT           UsageFault_Handler         [WEA
K]
  328 000000A6 E7FE            B                .
  329 000000A8                 ENDP
  330 000000A8         SVC_Handler
                               PROC
  331 000000A8                 EXPORT           SVC_Handler                [WEA
K]
  332 000000A8 E7FE            B                .
  333 000000AA                 ENDP
  335 000000AA         DebugMon_Handler
                               PROC
  336 000000AA                 EXPORT           DebugMon_Handler           [WEA
K]
  337 000000AA E7FE            B                .
  338 000000AC                 ENDP
  339 000000AC         PendSV_Handler
                               PROC
  340 000000AC                 EXPORT           PendSV_Handler             [WEA
K]
  341 000000AC E7FE            B                .
  342 000000AE                 ENDP
  343 000000AE         SysTick_Handler
                               PROC
  344 000000AE                 EXPORT           SysTick_Handler            [WEA
K]
  345 000000AE E7FE            B                .
  346 000000B0                 ENDP
  347 000000B0         
  348 000000B0         Default_Handler
                               PROC
  349 000000B0         
  350 000000B0                 EXPORT           WWDG_IRQHandler                
   [WEAK]
  351 000000B0                 EXPORT           PVD_IRQHandler                 



ARM Macro Assembler    Page 12 


   [WEAK]
  352 000000B0                 EXPORT           TAMP_STAMP_IRQHandler          
   [WEAK]
  353 000000B0                 EXPORT           RTC_WKUP_IRQHandler            
   [WEAK]
  354 000000B0                 EXPORT           FLASH_IRQHandler               
   [WEAK]
  355 000000B0                 EXPORT           RCC_IRQHandler                 
   [WEAK]
  356 000000B0                 EXPORT           EXTI0_IRQHandler               
   [WEAK]
  357 000000B0                 EXPORT           EXTI1_IRQHandler               
   [WEAK]
  358 000000B0                 EXPORT           EXTI2_IRQHandler               
   [WEAK]
  359 000000B0                 EXPORT           EXTI3_IRQHandler               
   [WEAK]
  360 000000B0                 EXPORT           EXTI4_IRQHandler               
   [WEAK]
  361 000000B0                 EXPORT           DMA1_Stream0_IRQHandler        
   [WEAK]
  362 000000B0                 EXPORT           DMA1_Stream1_IRQHandler        
   [WEAK]
  363 000000B0                 EXPORT           DMA1_Stream2_IRQHandler        
   [WEAK]
  364 000000B0                 EXPORT           DMA1_Stream3_IRQHandler        
   [WEAK]
  365 000000B0                 EXPORT           DMA1_Stream4_IRQHandler        
   [WEAK]
  366 000000B0                 EXPORT           DMA1_Stream5_IRQHandler        
   [WEAK]
  367 000000B0                 EXPORT           DMA1_Stream6_IRQHandler        
   [WEAK]
  368 000000B0                 EXPORT           ADC_IRQHandler                 
   [WEAK]
  369 000000B0                 EXPORT           CAN1_TX_IRQHandler             
   [WEAK]
  370 000000B0                 EXPORT           CAN1_RX0_IRQHandler            
   [WEAK]
  371 000000B0                 EXPORT           CAN1_RX1_IRQHandler            
   [WEAK]
  372 000000B0                 EXPORT           CAN1_SCE_IRQHandler            
   [WEAK]
  373 000000B0                 EXPORT           EXTI9_5_IRQHandler             
   [WEAK]
  374 000000B0                 EXPORT           TIM1_BRK_TIM9_IRQHandler       
   [WEAK]
  375 000000B0                 EXPORT           TIM1_UP_TIM10_IRQHandler       
   [WEAK]
  376 000000B0                 EXPORT           TIM1_TRG_COM_TIM11_IRQHandler  
   [WEAK]
  377 000000B0                 EXPORT           TIM1_CC_IRQHandler             
   [WEAK]
  378 000000B0                 EXPORT           TIM2_IRQHandler                
   [WEAK]
  379 000000B0                 EXPORT           TIM3_IRQHandler                
   [WEAK]
  380 000000B0                 EXPORT           TIM4_IRQHandler                
   [WEAK]



ARM Macro Assembler    Page 13 


  381 000000B0                 EXPORT           I2C1_EV_IRQHandler             
   [WEAK]
  382 000000B0                 EXPORT           I2C1_ER_IRQHandler             
   [WEAK]
  383 000000B0                 EXPORT           I2C2_EV_IRQHandler             
   [WEAK]
  384 000000B0                 EXPORT           I2C2_ER_IRQHandler             
   [WEAK]
  385 000000B0                 EXPORT           SPI1_IRQHandler                
   [WEAK]
  386 000000B0                 EXPORT           SPI2_IRQHandler                
   [WEAK]
  387 000000B0                 EXPORT           USART1_IRQHandler              
   [WEAK]
  388 000000B0                 EXPORT           USART2_IRQHandler              
   [WEAK]
  389 000000B0                 EXPORT           USART3_IRQHandler              
   [WEAK]
  390 000000B0                 EXPORT           EXTI15_10_IRQHandler           
   [WEAK]
  391 000000B0                 EXPORT           RTC_Alarm_IRQHandler           
   [WEAK]
  392 000000B0                 EXPORT           OTG_FS_WKUP_IRQHandler         
   [WEAK]
  393 000000B0                 EXPORT           TIM8_BRK_TIM12_IRQHandler      
   [WEAK]
  394 000000B0                 EXPORT           TIM8_UP_TIM13_IRQHandler       
   [WEAK]
  395 000000B0                 EXPORT           TIM8_TRG_COM_TIM14_IRQHandler  
   [WEAK]
  396 000000B0                 EXPORT           TIM8_CC_IRQHandler             
   [WEAK]
  397 000000B0                 EXPORT           DMA1_Stream7_IRQHandler        
   [WEAK]
  398 000000B0                 EXPORT           FSMC_IRQHandler                
   [WEAK]
  399 000000B0                 EXPORT           SDIO_IRQHandler                
   [WEAK]
  400 000000B0                 EXPORT           TIM5_IRQHandler                
   [WEAK]
  401 000000B0                 EXPORT           SPI3_IRQHandler                
   [WEAK]
  402 000000B0                 EXPORT           UART4_IRQHandler               
   [WEAK]
  403 000000B0                 EXPORT           UART5_IRQHandler               
   [WEAK]
  404 000000B0                 EXPORT           TIM6_DAC_IRQHandler            
   [WEAK]
  405 000000B0                 EXPORT           TIM7_IRQHandler                
   [WEAK]
  406 000000B0                 EXPORT           DMA2_Stream0_IRQHandler        
   [WEAK]
  407 000000B0                 EXPORT           DMA2_Stream1_IRQHandler        
   [WEAK]
  408 000000B0                 EXPORT           DMA2_Stream2_IRQHandler        
   [WEAK]
  409 000000B0                 EXPORT           DMA2_Stream3_IRQHandler        
   [WEAK]
  410 000000B0                 EXPORT           DMA2_Stream4_IRQHandler        



ARM Macro Assembler    Page 14 


   [WEAK]
  411 000000B0                 EXPORT           ETH_IRQHandler                 
   [WEAK]
  412 000000B0                 EXPORT           ETH_WKUP_IRQHandler            
   [WEAK]
  413 000000B0                 EXPORT           CAN2_TX_IRQHandler             
   [WEAK]
  414 000000B0                 EXPORT           CAN2_RX0_IRQHandler            
   [WEAK]
  415 000000B0                 EXPORT           CAN2_RX1_IRQHandler            
   [WEAK]
  416 000000B0                 EXPORT           CAN2_SCE_IRQHandler            
   [WEAK]
  417 000000B0                 EXPORT           OTG_FS_IRQHandler              
   [WEAK]
  418 000000B0                 EXPORT           DMA2_Stream5_IRQHandler        
   [WEAK]
  419 000000B0                 EXPORT           DMA2_Stream6_IRQHandler        
   [WEAK]
  420 000000B0                 EXPORT           DMA2_Stream7_IRQHandler        
   [WEAK]
  421 000000B0                 EXPORT           USART6_IRQHandler              
   [WEAK]
  422 000000B0                 EXPORT           I2C3_EV_IRQHandler             
   [WEAK]
  423 000000B0                 EXPORT           I2C3_ER_IRQHandler             
   [WEAK]
  424 000000B0                 EXPORT           OTG_HS_EP1_OUT_IRQHandler      
   [WEAK]
  425 000000B0                 EXPORT           OTG_HS_EP1_IN_IRQHandler       
   [WEAK]
  426 000000B0                 EXPORT           OTG_HS_WKUP_IRQHandler         
   [WEAK]
  427 000000B0                 EXPORT           OTG_HS_IRQHandler              
   [WEAK]
  428 000000B0                 EXPORT           DCMI_IRQHandler                
   [WEAK]
  429 000000B0                 EXPORT           CRYP_IRQHandler                
   [WEAK]
  430 000000B0                 EXPORT           HASH_RNG_IRQHandler            
   [WEAK]
  431 000000B0                 EXPORT           FPU_IRQHandler                 
   [WEAK]
  432 000000B0         
  433 000000B0         WWDG_IRQHandler
  434 000000B0         PVD_IRQHandler
  435 000000B0         TAMP_STAMP_IRQHandler
  436 000000B0         RTC_WKUP_IRQHandler
  437 000000B0         FLASH_IRQHandler
  438 000000B0         RCC_IRQHandler
  439 000000B0         EXTI0_IRQHandler
  440 000000B0         EXTI1_IRQHandler
  441 000000B0         EXTI2_IRQHandler
  442 000000B0         EXTI3_IRQHandler
  443 000000B0         EXTI4_IRQHandler
  444 000000B0         DMA1_Stream0_IRQHandler
  445 000000B0         DMA1_Stream1_IRQHandler
  446 000000B0         DMA1_Stream2_IRQHandler
  447 000000B0         DMA1_Stream3_IRQHandler



ARM Macro Assembler    Page 15 


  448 000000B0         DMA1_Stream4_IRQHandler
  449 000000B0         DMA1_Stream5_IRQHandler
  450 000000B0         DMA1_Stream6_IRQHandler
  451 000000B0         ADC_IRQHandler
  452 000000B0         CAN1_TX_IRQHandler
  453 000000B0         CAN1_RX0_IRQHandler
  454 000000B0         CAN1_RX1_IRQHandler
  455 000000B0         CAN1_SCE_IRQHandler
  456 000000B0         EXTI9_5_IRQHandler
  457 000000B0         TIM1_BRK_TIM9_IRQHandler
  458 000000B0         TIM1_UP_TIM10_IRQHandler
  459 000000B0         TIM1_TRG_COM_TIM11_IRQHandler
  460 000000B0         TIM1_CC_IRQHandler
  461 000000B0         ;TIM2_IRQHandler                                        
                                          
  462 000000B0         TIM3_IRQHandler
  463 000000B0         TIM4_IRQHandler
  464 000000B0         I2C1_EV_IRQHandler
  465 000000B0         I2C1_ER_IRQHandler
  466 000000B0         I2C2_EV_IRQHandler
  467 000000B0         I2C2_ER_IRQHandler
  468 000000B0         SPI1_IRQHandler
  469 000000B0         SPI2_IRQHandler
  470 000000B0         USART1_IRQHandler
  471 000000B0         USART2_IRQHandler
  472 000000B0         USART3_IRQHandler
  473 000000B0         EXTI15_10_IRQHandler
  474 000000B0         RTC_Alarm_IRQHandler
  475 000000B0         OTG_FS_WKUP_IRQHandler
  476 000000B0         TIM8_BRK_TIM12_IRQHandler
  477 000000B0         TIM8_UP_TIM13_IRQHandler
  478 000000B0         TIM8_TRG_COM_TIM14_IRQHandler
  479 000000B0         TIM8_CC_IRQHandler
  480 000000B0         DMA1_Stream7_IRQHandler
  481 000000B0         FSMC_IRQHandler
  482 000000B0         SDIO_IRQHandler
  483 000000B0         TIM5_IRQHandler
  484 000000B0         SPI3_IRQHandler
  485 000000B0         UART4_IRQHandler
  486 000000B0         UART5_IRQHandler
  487 000000B0         TIM6_DAC_IRQHandler
  488 000000B0         TIM7_IRQHandler
  489 000000B0         DMA2_Stream0_IRQHandler
  490 000000B0         DMA2_Stream1_IRQHandler
  491 000000B0         DMA2_Stream2_IRQHandler
  492 000000B0         DMA2_Stream3_IRQHandler
  493 000000B0         DMA2_Stream4_IRQHandler
  494 000000B0         ETH_IRQHandler
  495 000000B0         ETH_WKUP_IRQHandler
  496 000000B0         CAN2_TX_IRQHandler
  497 000000B0         CAN2_RX0_IRQHandler
  498 000000B0         CAN2_RX1_IRQHandler
  499 000000B0         CAN2_SCE_IRQHandler
  500 000000B0         OTG_FS_IRQHandler
  501 000000B0         DMA2_Stream5_IRQHandler
  502 000000B0         DMA2_Stream6_IRQHandler
  503 000000B0         DMA2_Stream7_IRQHandler
  504 000000B0         USART6_IRQHandler
  505 000000B0         I2C3_EV_IRQHandler



ARM Macro Assembler    Page 16 


  506 000000B0         I2C3_ER_IRQHandler
  507 000000B0         OTG_HS_EP1_OUT_IRQHandler
  508 000000B0         OTG_HS_EP1_IN_IRQHandler
  509 000000B0         OTG_HS_WKUP_IRQHandler
  510 000000B0         OTG_HS_IRQHandler
  511 000000B0         DCMI_IRQHandler
  512 000000B0         CRYP_IRQHandler
  513 000000B0         HASH_RNG_IRQHandler
  514 000000B0         FPU_IRQHandler
  515 000000B0         
  516 000000B0 E7FE            B                .
  517 000000B2         
  518 000000B2                 ENDP
  519 000000B2         
  520 000000B2 00 00           ALIGN
  521 000000B4         
  522 000000B4         
  523 000000B4         
  524 000000B4                 END
              FFFFFFFE 
              40020C00 
              40023800 
              E000E100 
              000927C0 
              001E8480 
Command Line: --debug --xref --cpu=Cortex-M4.fp --apcs=interwork --depend=.\sta
rtup_stm32f40xx.d -o.\startup_stm32f40xx.o -IC:\Keil\ARM\RV31\INC -IC:\Keil\ARM
\CMSIS\Include -IC:\Keil\ARM\Inc\ST\STM32F4xx --predefine="__EVAL SETA 1" --lis
t=.\startup_stm32f40xx.lst startup_stm32f40xx.s



ARM Macro Assembler    Page 1 Alphabetic symbol ordering
Relocatable symbols

STACK 00000000

Symbol: STACK
   Definitions
      At line 43 in file startup_stm32f40xx.s
   Uses
      None
Comment: STACK unused
Stack_Mem 00000000

Symbol: Stack_Mem
   Definitions
      At line 44 in file startup_stm32f40xx.s
   Uses
      None
Comment: Stack_Mem unused
__initial_sp 00000400

Symbol: __initial_sp
   Definitions
      At line 45 in file startup_stm32f40xx.s
   Uses
      At line 69 in file startup_stm32f40xx.s
Comment: __initial_sp used once
3 symbols



ARM Macro Assembler    Page 1 Alphabetic symbol ordering
Relocatable symbols

HEAP 00000000

Symbol: HEAP
   Definitions
      At line 54 in file startup_stm32f40xx.s
   Uses
      None
Comment: HEAP unused
Heap_Mem 00000000

Symbol: Heap_Mem
   Definitions
      At line 56 in file startup_stm32f40xx.s
   Uses
      None
Comment: Heap_Mem unused
__heap_base 00000000

Symbol: __heap_base
   Definitions
      At line 55 in file startup_stm32f40xx.s
   Uses
      None
Comment: __heap_base unused
__heap_limit 00000200

Symbol: __heap_limit
   Definitions
      At line 57 in file startup_stm32f40xx.s
   Uses
      None
Comment: __heap_limit unused
4 symbols



ARM Macro Assembler    Page 1 Alphabetic symbol ordering
Relocatable symbols

RESET 00000000

Symbol: RESET
   Definitions
      At line 64 in file startup_stm32f40xx.s
   Uses
      None
Comment: RESET unused
__Vectors 00000000

Symbol: __Vectors
   Definitions
      At line 69 in file startup_stm32f40xx.s
   Uses
      At line 65 in file startup_stm32f40xx.s
      At line 172 in file startup_stm32f40xx.s

__Vectors_End 00000188

Symbol: __Vectors_End
   Definitions
      At line 170 in file startup_stm32f40xx.s
   Uses
      At line 66 in file startup_stm32f40xx.s
      At line 172 in file startup_stm32f40xx.s

3 symbols



ARM Macro Assembler    Page 1 Alphabetic symbol ordering
Relocatable symbols

.text 00000000

Symbol: .text
   Definitions
      At line 174 in file startup_stm32f40xx.s
   Uses
      None
Comment: .text unused
ADC_IRQHandler 000000B0

Symbol: ADC_IRQHandler
   Definitions
      At line 451 in file startup_stm32f40xx.s
   Uses
      At line 105 in file startup_stm32f40xx.s
      At line 368 in file startup_stm32f40xx.s

BusFault_Handler 000000A4

Symbol: BusFault_Handler
   Definitions
      At line 321 in file startup_stm32f40xx.s
   Uses
      At line 74 in file startup_stm32f40xx.s
      At line 322 in file startup_stm32f40xx.s

CAN1_RX0_IRQHandler 000000B0

Symbol: CAN1_RX0_IRQHandler
   Definitions
      At line 453 in file startup_stm32f40xx.s
   Uses
      At line 107 in file startup_stm32f40xx.s
      At line 370 in file startup_stm32f40xx.s

CAN1_RX1_IRQHandler 000000B0

Symbol: CAN1_RX1_IRQHandler
   Definitions
      At line 454 in file startup_stm32f40xx.s
   Uses
      At line 108 in file startup_stm32f40xx.s
      At line 371 in file startup_stm32f40xx.s

CAN1_SCE_IRQHandler 000000B0

Symbol: CAN1_SCE_IRQHandler
   Definitions
      At line 455 in file startup_stm32f40xx.s
   Uses
      At line 109 in file startup_stm32f40xx.s
      At line 372 in file startup_stm32f40xx.s

CAN1_TX_IRQHandler 000000B0

Symbol: CAN1_TX_IRQHandler
   Definitions
      At line 452 in file startup_stm32f40xx.s
   Uses



ARM Macro Assembler    Page 2 Alphabetic symbol ordering
Relocatable symbols

      At line 106 in file startup_stm32f40xx.s
      At line 369 in file startup_stm32f40xx.s

CAN2_RX0_IRQHandler 000000B0

Symbol: CAN2_RX0_IRQHandler
   Definitions
      At line 497 in file startup_stm32f40xx.s
   Uses
      At line 151 in file startup_stm32f40xx.s
      At line 414 in file startup_stm32f40xx.s

CAN2_RX1_IRQHandler 000000B0

Symbol: CAN2_RX1_IRQHandler
   Definitions
      At line 498 in file startup_stm32f40xx.s
   Uses
      At line 152 in file startup_stm32f40xx.s
      At line 415 in file startup_stm32f40xx.s

CAN2_SCE_IRQHandler 000000B0

Symbol: CAN2_SCE_IRQHandler
   Definitions
      At line 499 in file startup_stm32f40xx.s
   Uses
      At line 153 in file startup_stm32f40xx.s
      At line 416 in file startup_stm32f40xx.s

CAN2_TX_IRQHandler 000000B0

Symbol: CAN2_TX_IRQHandler
   Definitions
      At line 496 in file startup_stm32f40xx.s
   Uses
      At line 150 in file startup_stm32f40xx.s
      At line 413 in file startup_stm32f40xx.s

CRYP_IRQHandler 000000B0

Symbol: CRYP_IRQHandler
   Definitions
      At line 512 in file startup_stm32f40xx.s
   Uses
      At line 166 in file startup_stm32f40xx.s
      At line 429 in file startup_stm32f40xx.s

DCMI_IRQHandler 000000B0

Symbol: DCMI_IRQHandler
   Definitions
      At line 511 in file startup_stm32f40xx.s
   Uses
      At line 165 in file startup_stm32f40xx.s
      At line 428 in file startup_stm32f40xx.s

DMA1_Stream0_IRQHandler 000000B0




ARM Macro Assembler    Page 3 Alphabetic symbol ordering
Relocatable symbols

Symbol: DMA1_Stream0_IRQHandler
   Definitions
      At line 444 in file startup_stm32f40xx.s
   Uses
      At line 98 in file startup_stm32f40xx.s
      At line 361 in file startup_stm32f40xx.s

DMA1_Stream1_IRQHandler 000000B0

Symbol: DMA1_Stream1_IRQHandler
   Definitions
      At line 445 in file startup_stm32f40xx.s
   Uses
      At line 99 in file startup_stm32f40xx.s
      At line 362 in file startup_stm32f40xx.s

DMA1_Stream2_IRQHandler 000000B0

Symbol: DMA1_Stream2_IRQHandler
   Definitions
      At line 446 in file startup_stm32f40xx.s
   Uses
      At line 100 in file startup_stm32f40xx.s
      At line 363 in file startup_stm32f40xx.s

DMA1_Stream3_IRQHandler 000000B0

Symbol: DMA1_Stream3_IRQHandler
   Definitions
      At line 447 in file startup_stm32f40xx.s
   Uses
      At line 101 in file startup_stm32f40xx.s
      At line 364 in file startup_stm32f40xx.s

DMA1_Stream4_IRQHandler 000000B0

Symbol: DMA1_Stream4_IRQHandler
   Definitions
      At line 448 in file startup_stm32f40xx.s
   Uses
      At line 102 in file startup_stm32f40xx.s
      At line 365 in file startup_stm32f40xx.s

DMA1_Stream5_IRQHandler 000000B0

Symbol: DMA1_Stream5_IRQHandler
   Definitions
      At line 449 in file startup_stm32f40xx.s
   Uses
      At line 103 in file startup_stm32f40xx.s
      At line 366 in file startup_stm32f40xx.s

DMA1_Stream6_IRQHandler 000000B0

Symbol: DMA1_Stream6_IRQHandler
   Definitions
      At line 450 in file startup_stm32f40xx.s
   Uses
      At line 104 in file startup_stm32f40xx.s



ARM Macro Assembler    Page 4 Alphabetic symbol ordering
Relocatable symbols

      At line 367 in file startup_stm32f40xx.s

DMA1_Stream7_IRQHandler 000000B0

Symbol: DMA1_Stream7_IRQHandler
   Definitions
      At line 480 in file startup_stm32f40xx.s
   Uses
      At line 134 in file startup_stm32f40xx.s
      At line 397 in file startup_stm32f40xx.s

DMA2_Stream0_IRQHandler 000000B0

Symbol: DMA2_Stream0_IRQHandler
   Definitions
      At line 489 in file startup_stm32f40xx.s
   Uses
      At line 143 in file startup_stm32f40xx.s
      At line 406 in file startup_stm32f40xx.s

DMA2_Stream1_IRQHandler 000000B0

Symbol: DMA2_Stream1_IRQHandler
   Definitions
      At line 490 in file startup_stm32f40xx.s
   Uses
      At line 144 in file startup_stm32f40xx.s
      At line 407 in file startup_stm32f40xx.s

DMA2_Stream2_IRQHandler 000000B0

Symbol: DMA2_Stream2_IRQHandler
   Definitions
      At line 491 in file startup_stm32f40xx.s
   Uses
      At line 145 in file startup_stm32f40xx.s
      At line 408 in file startup_stm32f40xx.s

DMA2_Stream3_IRQHandler 000000B0

Symbol: DMA2_Stream3_IRQHandler
   Definitions
      At line 492 in file startup_stm32f40xx.s
   Uses
      At line 146 in file startup_stm32f40xx.s
      At line 409 in file startup_stm32f40xx.s

DMA2_Stream4_IRQHandler 000000B0

Symbol: DMA2_Stream4_IRQHandler
   Definitions
      At line 493 in file startup_stm32f40xx.s
   Uses
      At line 147 in file startup_stm32f40xx.s
      At line 410 in file startup_stm32f40xx.s

DMA2_Stream5_IRQHandler 000000B0

Symbol: DMA2_Stream5_IRQHandler



ARM Macro Assembler    Page 5 Alphabetic symbol ordering
Relocatable symbols

   Definitions
      At line 501 in file startup_stm32f40xx.s
   Uses
      At line 155 in file startup_stm32f40xx.s
      At line 418 in file startup_stm32f40xx.s

DMA2_Stream6_IRQHandler 000000B0

Symbol: DMA2_Stream6_IRQHandler
   Definitions
      At line 502 in file startup_stm32f40xx.s
   Uses
      At line 156 in file startup_stm32f40xx.s
      At line 419 in file startup_stm32f40xx.s

DMA2_Stream7_IRQHandler 000000B0

Symbol: DMA2_Stream7_IRQHandler
   Definitions
      At line 503 in file startup_stm32f40xx.s
   Uses
      At line 157 in file startup_stm32f40xx.s
      At line 420 in file startup_stm32f40xx.s

DebugMon_Handler 000000AA

Symbol: DebugMon_Handler
   Definitions
      At line 335 in file startup_stm32f40xx.s
   Uses
      At line 81 in file startup_stm32f40xx.s
      At line 336 in file startup_stm32f40xx.s

Default_Handler 000000B0

Symbol: Default_Handler
   Definitions
      At line 348 in file startup_stm32f40xx.s
   Uses
      None
Comment: Default_Handler unused
ETH_IRQHandler 000000B0

Symbol: ETH_IRQHandler
   Definitions
      At line 494 in file startup_stm32f40xx.s
   Uses
      At line 148 in file startup_stm32f40xx.s
      At line 411 in file startup_stm32f40xx.s

ETH_WKUP_IRQHandler 000000B0

Symbol: ETH_WKUP_IRQHandler
   Definitions
      At line 495 in file startup_stm32f40xx.s
   Uses
      At line 149 in file startup_stm32f40xx.s
      At line 412 in file startup_stm32f40xx.s




ARM Macro Assembler    Page 6 Alphabetic symbol ordering
Relocatable symbols

EXTI0_IRQHandler 000000B0

Symbol: EXTI0_IRQHandler
   Definitions
      At line 439 in file startup_stm32f40xx.s
   Uses
      At line 93 in file startup_stm32f40xx.s
      At line 356 in file startup_stm32f40xx.s

EXTI15_10_IRQHandler 000000B0

Symbol: EXTI15_10_IRQHandler
   Definitions
      At line 473 in file startup_stm32f40xx.s
   Uses
      At line 127 in file startup_stm32f40xx.s
      At line 390 in file startup_stm32f40xx.s

EXTI1_IRQHandler 000000B0

Symbol: EXTI1_IRQHandler
   Definitions
      At line 440 in file startup_stm32f40xx.s
   Uses
      At line 94 in file startup_stm32f40xx.s
      At line 357 in file startup_stm32f40xx.s

EXTI2_IRQHandler 000000B0

Symbol: EXTI2_IRQHandler
   Definitions
      At line 441 in file startup_stm32f40xx.s
   Uses
      At line 95 in file startup_stm32f40xx.s
      At line 358 in file startup_stm32f40xx.s

EXTI3_IRQHandler 000000B0

Symbol: EXTI3_IRQHandler
   Definitions
      At line 442 in file startup_stm32f40xx.s
   Uses
      At line 96 in file startup_stm32f40xx.s
      At line 359 in file startup_stm32f40xx.s

EXTI4_IRQHandler 000000B0

Symbol: EXTI4_IRQHandler
   Definitions
      At line 443 in file startup_stm32f40xx.s
   Uses
      At line 97 in file startup_stm32f40xx.s
      At line 360 in file startup_stm32f40xx.s

EXTI9_5_IRQHandler 000000B0

Symbol: EXTI9_5_IRQHandler
   Definitions
      At line 456 in file startup_stm32f40xx.s



ARM Macro Assembler    Page 7 Alphabetic symbol ordering
Relocatable symbols

   Uses
      At line 110 in file startup_stm32f40xx.s
      At line 373 in file startup_stm32f40xx.s

FLASH_IRQHandler 000000B0

Symbol: FLASH_IRQHandler
   Definitions
      At line 437 in file startup_stm32f40xx.s
   Uses
      At line 91 in file startup_stm32f40xx.s
      At line 354 in file startup_stm32f40xx.s

FPU_IRQHandler 000000B0

Symbol: FPU_IRQHandler
   Definitions
      At line 514 in file startup_stm32f40xx.s
   Uses
      At line 168 in file startup_stm32f40xx.s
      At line 431 in file startup_stm32f40xx.s

FSMC_IRQHandler 000000B0

Symbol: FSMC_IRQHandler
   Definitions
      At line 481 in file startup_stm32f40xx.s
   Uses
      At line 135 in file startup_stm32f40xx.s
      At line 398 in file startup_stm32f40xx.s

HASH_RNG_IRQHandler 000000B0

Symbol: HASH_RNG_IRQHandler
   Definitions
      At line 513 in file startup_stm32f40xx.s
   Uses
      At line 167 in file startup_stm32f40xx.s
      At line 430 in file startup_stm32f40xx.s

HardFault_Handler 000000A0

Symbol: HardFault_Handler
   Definitions
      At line 311 in file startup_stm32f40xx.s
   Uses
      At line 72 in file startup_stm32f40xx.s
      At line 312 in file startup_stm32f40xx.s

I2C1_ER_IRQHandler 000000B0

Symbol: I2C1_ER_IRQHandler
   Definitions
      At line 465 in file startup_stm32f40xx.s
   Uses
      At line 119 in file startup_stm32f40xx.s
      At line 382 in file startup_stm32f40xx.s

I2C1_EV_IRQHandler 000000B0



ARM Macro Assembler    Page 8 Alphabetic symbol ordering
Relocatable symbols


Symbol: I2C1_EV_IRQHandler
   Definitions
      At line 464 in file startup_stm32f40xx.s
   Uses
      At line 118 in file startup_stm32f40xx.s
      At line 381 in file startup_stm32f40xx.s

I2C2_ER_IRQHandler 000000B0

Symbol: I2C2_ER_IRQHandler
   Definitions
      At line 467 in file startup_stm32f40xx.s
   Uses
      At line 121 in file startup_stm32f40xx.s
      At line 384 in file startup_stm32f40xx.s

I2C2_EV_IRQHandler 000000B0

Symbol: I2C2_EV_IRQHandler
   Definitions
      At line 466 in file startup_stm32f40xx.s
   Uses
      At line 120 in file startup_stm32f40xx.s
      At line 383 in file startup_stm32f40xx.s

I2C3_ER_IRQHandler 000000B0

Symbol: I2C3_ER_IRQHandler
   Definitions
      At line 506 in file startup_stm32f40xx.s
   Uses
      At line 160 in file startup_stm32f40xx.s
      At line 423 in file startup_stm32f40xx.s

I2C3_EV_IRQHandler 000000B0

Symbol: I2C3_EV_IRQHandler
   Definitions
      At line 505 in file startup_stm32f40xx.s
   Uses
      At line 159 in file startup_stm32f40xx.s
      At line 422 in file startup_stm32f40xx.s

MemManage_Handler 000000A2

Symbol: MemManage_Handler
   Definitions
      At line 316 in file startup_stm32f40xx.s
   Uses
      At line 73 in file startup_stm32f40xx.s
      At line 317 in file startup_stm32f40xx.s

NMI_Handler 0000009E

Symbol: NMI_Handler
   Definitions
      At line 306 in file startup_stm32f40xx.s
   Uses



ARM Macro Assembler    Page 9 Alphabetic symbol ordering
Relocatable symbols

      At line 71 in file startup_stm32f40xx.s
      At line 307 in file startup_stm32f40xx.s

OTG_FS_IRQHandler 000000B0

Symbol: OTG_FS_IRQHandler
   Definitions
      At line 500 in file startup_stm32f40xx.s
   Uses
      At line 154 in file startup_stm32f40xx.s
      At line 417 in file startup_stm32f40xx.s

OTG_FS_WKUP_IRQHandler 000000B0

Symbol: OTG_FS_WKUP_IRQHandler
   Definitions
      At line 475 in file startup_stm32f40xx.s
   Uses
      At line 129 in file startup_stm32f40xx.s
      At line 392 in file startup_stm32f40xx.s

OTG_HS_EP1_IN_IRQHandler 000000B0

Symbol: OTG_HS_EP1_IN_IRQHandler
   Definitions
      At line 508 in file startup_stm32f40xx.s
   Uses
      At line 162 in file startup_stm32f40xx.s
      At line 425 in file startup_stm32f40xx.s

OTG_HS_EP1_OUT_IRQHandler 000000B0

Symbol: OTG_HS_EP1_OUT_IRQHandler
   Definitions
      At line 507 in file startup_stm32f40xx.s
   Uses
      At line 161 in file startup_stm32f40xx.s
      At line 424 in file startup_stm32f40xx.s

OTG_HS_IRQHandler 000000B0

Symbol: OTG_HS_IRQHandler
   Definitions
      At line 510 in file startup_stm32f40xx.s
   Uses
      At line 164 in file startup_stm32f40xx.s
      At line 427 in file startup_stm32f40xx.s

OTG_HS_WKUP_IRQHandler 000000B0

Symbol: OTG_HS_WKUP_IRQHandler
   Definitions
      At line 509 in file startup_stm32f40xx.s
   Uses
      At line 163 in file startup_stm32f40xx.s
      At line 426 in file startup_stm32f40xx.s

PVD_IRQHandler 000000B0




ARM Macro Assembler    Page 10 Alphabetic symbol ordering
Relocatable symbols

Symbol: PVD_IRQHandler
   Definitions
      At line 434 in file startup_stm32f40xx.s
   Uses
      At line 88 in file startup_stm32f40xx.s
      At line 351 in file startup_stm32f40xx.s

PendSV_Handler 000000AC

Symbol: PendSV_Handler
   Definitions
      At line 339 in file startup_stm32f40xx.s
   Uses
      At line 83 in file startup_stm32f40xx.s
      At line 340 in file startup_stm32f40xx.s

RCC_IRQHandler 000000B0

Symbol: RCC_IRQHandler
   Definitions
      At line 438 in file startup_stm32f40xx.s
   Uses
      At line 92 in file startup_stm32f40xx.s
      At line 355 in file startup_stm32f40xx.s

RTC_Alarm_IRQHandler 000000B0

Symbol: RTC_Alarm_IRQHandler
   Definitions
      At line 474 in file startup_stm32f40xx.s
   Uses
      At line 128 in file startup_stm32f40xx.s
      At line 391 in file startup_stm32f40xx.s

RTC_WKUP_IRQHandler 000000B0

Symbol: RTC_WKUP_IRQHandler
   Definitions
      At line 436 in file startup_stm32f40xx.s
   Uses
      At line 90 in file startup_stm32f40xx.s
      At line 353 in file startup_stm32f40xx.s

Reset_Handler 0000001A

Symbol: Reset_Handler
   Definitions
      At line 198 in file startup_stm32f40xx.s
   Uses
      At line 70 in file startup_stm32f40xx.s
      At line 199 in file startup_stm32f40xx.s

SDIO_IRQHandler 000000B0

Symbol: SDIO_IRQHandler
   Definitions
      At line 482 in file startup_stm32f40xx.s
   Uses
      At line 136 in file startup_stm32f40xx.s



ARM Macro Assembler    Page 11 Alphabetic symbol ordering
Relocatable symbols

      At line 399 in file startup_stm32f40xx.s

SPI1_IRQHandler 000000B0

Symbol: SPI1_IRQHandler
   Definitions
      At line 468 in file startup_stm32f40xx.s
   Uses
      At line 122 in file startup_stm32f40xx.s
      At line 385 in file startup_stm32f40xx.s

SPI2_IRQHandler 000000B0

Symbol: SPI2_IRQHandler
   Definitions
      At line 469 in file startup_stm32f40xx.s
   Uses
      At line 123 in file startup_stm32f40xx.s
      At line 386 in file startup_stm32f40xx.s

SPI3_IRQHandler 000000B0

Symbol: SPI3_IRQHandler
   Definitions
      At line 484 in file startup_stm32f40xx.s
   Uses
      At line 138 in file startup_stm32f40xx.s
      At line 401 in file startup_stm32f40xx.s

SVC_Handler 000000A8

Symbol: SVC_Handler
   Definitions
      At line 330 in file startup_stm32f40xx.s
   Uses
      At line 80 in file startup_stm32f40xx.s
      At line 331 in file startup_stm32f40xx.s

SysTick_Handler 000000AE

Symbol: SysTick_Handler
   Definitions
      At line 343 in file startup_stm32f40xx.s
   Uses
      At line 84 in file startup_stm32f40xx.s
      At line 344 in file startup_stm32f40xx.s

TAMP_STAMP_IRQHandler 000000B0

Symbol: TAMP_STAMP_IRQHandler
   Definitions
      At line 435 in file startup_stm32f40xx.s
   Uses
      At line 89 in file startup_stm32f40xx.s
      At line 352 in file startup_stm32f40xx.s

TIM1_BRK_TIM9_IRQHandler 000000B0

Symbol: TIM1_BRK_TIM9_IRQHandler



ARM Macro Assembler    Page 12 Alphabetic symbol ordering
Relocatable symbols

   Definitions
      At line 457 in file startup_stm32f40xx.s
   Uses
      At line 111 in file startup_stm32f40xx.s
      At line 374 in file startup_stm32f40xx.s

TIM1_CC_IRQHandler 000000B0

Symbol: TIM1_CC_IRQHandler
   Definitions
      At line 460 in file startup_stm32f40xx.s
   Uses
      At line 114 in file startup_stm32f40xx.s
      At line 377 in file startup_stm32f40xx.s

TIM1_TRG_COM_TIM11_IRQHandler 000000B0

Symbol: TIM1_TRG_COM_TIM11_IRQHandler
   Definitions
      At line 459 in file startup_stm32f40xx.s
   Uses
      At line 113 in file startup_stm32f40xx.s
      At line 376 in file startup_stm32f40xx.s

TIM1_UP_TIM10_IRQHandler 000000B0

Symbol: TIM1_UP_TIM10_IRQHandler
   Definitions
      At line 458 in file startup_stm32f40xx.s
   Uses
      At line 112 in file startup_stm32f40xx.s
      At line 375 in file startup_stm32f40xx.s

TIM2_IRQHandler 00000000

Symbol: TIM2_IRQHandler
   Definitions
      At line 177 in file startup_stm32f40xx.s
   Uses
      At line 115 in file startup_stm32f40xx.s
      At line 378 in file startup_stm32f40xx.s

TIM3_IRQHandler 000000B0

Symbol: TIM3_IRQHandler
   Definitions
      At line 462 in file startup_stm32f40xx.s
   Uses
      At line 116 in file startup_stm32f40xx.s
      At line 379 in file startup_stm32f40xx.s

TIM4_IRQHandler 000000B0

Symbol: TIM4_IRQHandler
   Definitions
      At line 463 in file startup_stm32f40xx.s
   Uses
      At line 117 in file startup_stm32f40xx.s
      At line 380 in file startup_stm32f40xx.s



ARM Macro Assembler    Page 13 Alphabetic symbol ordering
Relocatable symbols


TIM5_IRQHandler 000000B0

Symbol: TIM5_IRQHandler
   Definitions
      At line 483 in file startup_stm32f40xx.s
   Uses
      At line 137 in file startup_stm32f40xx.s
      At line 400 in file startup_stm32f40xx.s

TIM6_DAC_IRQHandler 000000B0

Symbol: TIM6_DAC_IRQHandler
   Definitions
      At line 487 in file startup_stm32f40xx.s
   Uses
      At line 141 in file startup_stm32f40xx.s
      At line 404 in file startup_stm32f40xx.s

TIM7_IRQHandler 000000B0

Symbol: TIM7_IRQHandler
   Definitions
      At line 488 in file startup_stm32f40xx.s
   Uses
      At line 142 in file startup_stm32f40xx.s
      At line 405 in file startup_stm32f40xx.s

TIM8_BRK_TIM12_IRQHandler 000000B0

Symbol: TIM8_BRK_TIM12_IRQHandler
   Definitions
      At line 476 in file startup_stm32f40xx.s
   Uses
      At line 130 in file startup_stm32f40xx.s
      At line 393 in file startup_stm32f40xx.s

TIM8_CC_IRQHandler 000000B0

Symbol: TIM8_CC_IRQHandler
   Definitions
      At line 479 in file startup_stm32f40xx.s
   Uses
      At line 133 in file startup_stm32f40xx.s
      At line 396 in file startup_stm32f40xx.s

TIM8_TRG_COM_TIM14_IRQHandler 000000B0

Symbol: TIM8_TRG_COM_TIM14_IRQHandler
   Definitions
      At line 478 in file startup_stm32f40xx.s
   Uses
      At line 132 in file startup_stm32f40xx.s
      At line 395 in file startup_stm32f40xx.s

TIM8_UP_TIM13_IRQHandler 000000B0

Symbol: TIM8_UP_TIM13_IRQHandler
   Definitions



ARM Macro Assembler    Page 14 Alphabetic symbol ordering
Relocatable symbols

      At line 477 in file startup_stm32f40xx.s
   Uses
      At line 131 in file startup_stm32f40xx.s
      At line 394 in file startup_stm32f40xx.s

UART4_IRQHandler 000000B0

Symbol: UART4_IRQHandler
   Definitions
      At line 485 in file startup_stm32f40xx.s
   Uses
      At line 139 in file startup_stm32f40xx.s
      At line 402 in file startup_stm32f40xx.s

UART5_IRQHandler 000000B0

Symbol: UART5_IRQHandler
   Definitions
      At line 486 in file startup_stm32f40xx.s
   Uses
      At line 140 in file startup_stm32f40xx.s
      At line 403 in file startup_stm32f40xx.s

USART1_IRQHandler 000000B0

Symbol: USART1_IRQHandler
   Definitions
      At line 470 in file startup_stm32f40xx.s
   Uses
      At line 124 in file startup_stm32f40xx.s
      At line 387 in file startup_stm32f40xx.s

USART2_IRQHandler 000000B0

Symbol: USART2_IRQHandler
   Definitions
      At line 471 in file startup_stm32f40xx.s
   Uses
      At line 125 in file startup_stm32f40xx.s
      At line 388 in file startup_stm32f40xx.s

USART3_IRQHandler 000000B0

Symbol: USART3_IRQHandler
   Definitions
      At line 472 in file startup_stm32f40xx.s
   Uses
      At line 126 in file startup_stm32f40xx.s
      At line 389 in file startup_stm32f40xx.s

USART6_IRQHandler 000000B0

Symbol: USART6_IRQHandler
   Definitions
      At line 504 in file startup_stm32f40xx.s
   Uses
      At line 158 in file startup_stm32f40xx.s
      At line 421 in file startup_stm32f40xx.s




ARM Macro Assembler    Page 15 Alphabetic symbol ordering
Relocatable symbols

UsageFault_Handler 000000A6

Symbol: UsageFault_Handler
   Definitions
      At line 326 in file startup_stm32f40xx.s
   Uses
      At line 75 in file startup_stm32f40xx.s
      At line 327 in file startup_stm32f40xx.s

WWDG_IRQHandler 000000B0

Symbol: WWDG_IRQHandler
   Definitions
      At line 433 in file startup_stm32f40xx.s
   Uses
      At line 87 in file startup_stm32f40xx.s
      At line 350 in file startup_stm32f40xx.s

blink_loopend 0000009C

Symbol: blink_loopend
   Definitions
      At line 300 in file startup_stm32f40xx.s
   Uses
      None
Comment: blink_loopend unused
blink_loopstart 0000007E

Symbol: blink_loopstart
   Definitions
      At line 277 in file startup_stm32f40xx.s
   Uses
      At line 301 in file startup_stm32f40xx.s
Comment: blink_loopstart used once
blink_waiting 00000096

Symbol: blink_waiting
   Definitions
      At line 295 in file startup_stm32f40xx.s
   Uses
      At line 298 in file startup_stm32f40xx.s
Comment: blink_waiting used once
blink_waitsetup 00000094

Symbol: blink_waitsetup
   Definitions
      At line 293 in file startup_stm32f40xx.s
   Uses
      None
Comment: blink_waitsetup unused
ledblink_setup 0000005C

Symbol: ledblink_setup
   Definitions
      At line 252 in file startup_stm32f40xx.s
   Uses
      None
Comment: ledblink_setup unused
wait 0000008A



ARM Macro Assembler    Page 16 Alphabetic symbol ordering
Relocatable symbols


Symbol: wait
   Definitions
      At line 286 in file startup_stm32f40xx.s
   Uses
      At line 289 in file startup_stm32f40xx.s
Comment: wait used once
100 symbols



ARM Macro Assembler    Page 1 Alphabetic symbol ordering
Absolute symbols

Heap_Size 00000200

Symbol: Heap_Size
   Definitions
      At line 52 in file startup_stm32f40xx.s
   Uses
      At line 56 in file startup_stm32f40xx.s
Comment: Heap_Size used once
Stack_Size 00000400

Symbol: Stack_Size
   Definitions
      At line 41 in file startup_stm32f40xx.s
   Uses
      At line 44 in file startup_stm32f40xx.s
Comment: Stack_Size used once
__Vectors_Size 00000188

Symbol: __Vectors_Size
   Definitions
      At line 172 in file startup_stm32f40xx.s
   Uses
      At line 67 in file startup_stm32f40xx.s
Comment: __Vectors_Size used once
3 symbols
447 symbols in table
